[2024-09-07T20:24:42.675+0000] {local_task_job_runner.py:123} INFO - ::group::Pre task execution logs
[2024-09-07T20:24:42.709+0000] {taskinstance.py:2603} INFO - Dependencies all met for dep_context=non-requeueable deps ti=<TaskInstance: data_pipeline.process_bronze_to_silver_task manual__2024-09-07T20:24:20.621401+00:00 [queued]>
[2024-09-07T20:24:42.722+0000] {taskinstance.py:2603} INFO - Dependencies all met for dep_context=requeueable deps ti=<TaskInstance: data_pipeline.process_bronze_to_silver_task manual__2024-09-07T20:24:20.621401+00:00 [queued]>
[2024-09-07T20:24:42.723+0000] {taskinstance.py:2856} INFO - Starting attempt 1 of 2
[2024-09-07T20:24:42.746+0000] {taskinstance.py:2879} INFO - Executing <Task(PythonOperator): process_bronze_to_silver_task> on 2024-09-07 20:24:20.621401+00:00
[2024-09-07T20:24:42.758+0000] {warnings.py:112} WARNING - /home/***/.local/lib/python3.12/site-packages/***/task/task_runner/standard_task_runner.py:70: DeprecationWarning: This process (pid=1259) is multi-threaded, use of fork() may lead to deadlocks in the child.
  pid = os.fork()

[2024-09-07T20:24:42.761+0000] {standard_task_runner.py:72} INFO - Started process 1268 to run task
[2024-09-07T20:24:42.764+0000] {standard_task_runner.py:104} INFO - Running: ['***', 'tasks', 'run', 'data_pipeline', 'process_bronze_to_silver_task', 'manual__2024-09-07T20:24:20.621401+00:00', '--job-id', '20', '--raw', '--subdir', 'DAGS_FOLDER/app/pipeline.py', '--cfg-path', '/tmp/tmpg6ytumpd']
[2024-09-07T20:24:42.766+0000] {standard_task_runner.py:105} INFO - Job 20: Subtask process_bronze_to_silver_task
[2024-09-07T20:24:42.862+0000] {task_command.py:467} INFO - Running <TaskInstance: data_pipeline.process_bronze_to_silver_task manual__2024-09-07T20:24:20.621401+00:00 [running]> on host 0533851d136c
[2024-09-07T20:24:43.045+0000] {taskinstance.py:3122} INFO - Exporting env vars: AIRFLOW_CTX_DAG_OWNER='***' AIRFLOW_CTX_DAG_ID='data_pipeline' AIRFLOW_CTX_TASK_ID='process_bronze_to_silver_task' AIRFLOW_CTX_EXECUTION_DATE='2024-09-07T20:24:20.621401+00:00' AIRFLOW_CTX_TRY_NUMBER='1' AIRFLOW_CTX_DAG_RUN_ID='manual__2024-09-07T20:24:20.621401+00:00'
[2024-09-07T20:24:43.047+0000] {logging_mixin.py:190} INFO - Task instance is in running state
[2024-09-07T20:24:43.048+0000] {logging_mixin.py:190} INFO -  Previous state of the Task instance: queued
[2024-09-07T20:24:43.048+0000] {logging_mixin.py:190} INFO - Current task name:process_bronze_to_silver_task state:running start_date:2024-09-07 20:24:42.710484+00:00
[2024-09-07T20:24:43.049+0000] {logging_mixin.py:190} INFO - Dag name:data_pipeline and current dag run status:running
[2024-09-07T20:24:43.050+0000] {taskinstance.py:731} INFO - ::endgroup::
[2024-09-07T20:24:43.051+0000] {logging_mixin.py:190} INFO - Iniciando a função process_bronze_to_silver
[2024-09-07T20:24:43.052+0000] {logging_mixin.py:190} INFO - Localização do arquivo de entrada (Bronze): layers/bronze/raw_data.parquet
[2024-09-07T20:24:43.053+0000] {logging_mixin.py:190} INFO - Localização do arquivo de saída (Silver): layers/silver/transformed_data.parquet
[2024-09-07T20:24:43.053+0000] {logging_mixin.py:190} INFO - Carregando dados da camada Bronze...
[2024-09-07T20:24:43.306+0000] {logging_mixin.py:190} INFO - Dados carregados com sucesso. Total de linhas: 99999
[2024-09-07T20:24:43.379+0000] {logging_mixin.py:190} INFO - Número de valores nulos antes da limpeza:
name             24886
email            25046
date_of_birth    25171
dtype: int64
[2024-09-07T20:24:43.380+0000] {logging_mixin.py:190} INFO - Removendo registros com campos nulos...
[2024-09-07T20:24:43.438+0000] {logging_mixin.py:190} INFO - Total de linhas após remoção de nulos: 42196
[2024-09-07T20:24:43.440+0000] {logging_mixin.py:190} INFO - Corrigindo formatos de email inválidos...
[2024-09-07T20:24:43.512+0000] {logging_mixin.py:190} INFO - Total de linhas após correção de emails inválidos: 20903
[2024-09-07T20:24:43.513+0000] {logging_mixin.py:190} INFO - Calculando a idade dos usuários...
[2024-09-07T20:24:43.551+0000] {logging_mixin.py:190} INFO - Número de valores nulos após a limpeza:
name             0
email            0
date_of_birth    0
dtype: int64
[2024-09-07T20:24:43.552+0000] {logging_mixin.py:190} INFO - Salvando dados limpos na camada Silver...
[2024-09-07T20:24:43.621+0000] {logging_mixin.py:190} INFO - Dados limpos salvos com sucesso em layers/silver/transformed_data.parquet
[2024-09-07T20:24:43.658+0000] {python.py:240} INFO - Done. Returned value was: None
[2024-09-07T20:24:43.703+0000] {taskinstance.py:340} INFO - ::group::Post task execution logs
[2024-09-07T20:24:43.704+0000] {taskinstance.py:352} INFO - Marking task as SUCCESS. dag_id=data_pipeline, task_id=process_bronze_to_silver_task, run_id=manual__2024-09-07T20:24:20.621401+00:00, execution_date=20240907T202420, start_date=20240907T202442, end_date=20240907T202443
[2024-09-07T20:24:43.739+0000] {logging_mixin.py:190} INFO - Task instance in success state
[2024-09-07T20:24:43.741+0000] {logging_mixin.py:190} INFO -  Previous state of the Task instance: running
[2024-09-07T20:24:43.743+0000] {logging_mixin.py:190} INFO - Dag name:data_pipeline queued_at:2024-09-07 20:24:20.872798+00:00
[2024-09-07T20:24:43.744+0000] {logging_mixin.py:190} INFO - Task hostname:0533851d136c operator:PythonOperator
[2024-09-07T20:24:43.798+0000] {local_task_job_runner.py:261} INFO - Task exited with return code 0
[2024-09-07T20:24:43.879+0000] {taskinstance.py:3891} INFO - 1 downstream tasks scheduled from follow-on schedule check
[2024-09-07T20:24:43.884+0000] {local_task_job_runner.py:240} INFO - ::endgroup::
