[2024-09-07T20:18:12.158+0000] {local_task_job_runner.py:123} INFO - ::group::Pre task execution logs
[2024-09-07T20:18:12.184+0000] {taskinstance.py:2603} INFO - Dependencies all met for dep_context=non-requeueable deps ti=<TaskInstance: data_pipeline.process_bronze_to_silver_task manual__2024-09-07T20:17:50.668630+00:00 [queued]>
[2024-09-07T20:18:12.197+0000] {taskinstance.py:2603} INFO - Dependencies all met for dep_context=requeueable deps ti=<TaskInstance: data_pipeline.process_bronze_to_silver_task manual__2024-09-07T20:17:50.668630+00:00 [queued]>
[2024-09-07T20:18:12.198+0000] {taskinstance.py:2856} INFO - Starting attempt 1 of 2
[2024-09-07T20:18:12.246+0000] {taskinstance.py:2879} INFO - Executing <Task(PythonOperator): process_bronze_to_silver_task> on 2024-09-07 20:17:50.668630+00:00
[2024-09-07T20:18:12.257+0000] {warnings.py:112} WARNING - /home/***/.local/lib/python3.12/site-packages/***/task/task_runner/standard_task_runner.py:70: DeprecationWarning: This process (pid=1162) is multi-threaded, use of fork() may lead to deadlocks in the child.
  pid = os.fork()

[2024-09-07T20:18:12.259+0000] {standard_task_runner.py:72} INFO - Started process 1164 to run task
[2024-09-07T20:18:12.260+0000] {standard_task_runner.py:104} INFO - Running: ['***', 'tasks', 'run', 'data_pipeline', 'process_bronze_to_silver_task', 'manual__2024-09-07T20:17:50.668630+00:00', '--job-id', '17', '--raw', '--subdir', 'DAGS_FOLDER/app/pipeline.py', '--cfg-path', '/tmp/tmpqvnoz4g3']
[2024-09-07T20:18:12.262+0000] {standard_task_runner.py:105} INFO - Job 17: Subtask process_bronze_to_silver_task
[2024-09-07T20:18:12.338+0000] {task_command.py:467} INFO - Running <TaskInstance: data_pipeline.process_bronze_to_silver_task manual__2024-09-07T20:17:50.668630+00:00 [running]> on host 0533851d136c
[2024-09-07T20:18:12.533+0000] {taskinstance.py:3122} INFO - Exporting env vars: AIRFLOW_CTX_DAG_OWNER='***' AIRFLOW_CTX_DAG_ID='data_pipeline' AIRFLOW_CTX_TASK_ID='process_bronze_to_silver_task' AIRFLOW_CTX_EXECUTION_DATE='2024-09-07T20:17:50.668630+00:00' AIRFLOW_CTX_TRY_NUMBER='1' AIRFLOW_CTX_DAG_RUN_ID='manual__2024-09-07T20:17:50.668630+00:00'
[2024-09-07T20:18:12.539+0000] {logging_mixin.py:190} INFO - Task instance is in running state
[2024-09-07T20:18:12.541+0000] {logging_mixin.py:190} INFO -  Previous state of the Task instance: queued
[2024-09-07T20:18:12.543+0000] {logging_mixin.py:190} INFO - Current task name:process_bronze_to_silver_task state:running start_date:2024-09-07 20:18:12.185728+00:00
[2024-09-07T20:18:12.546+0000] {logging_mixin.py:190} INFO - Dag name:data_pipeline and current dag run status:running
[2024-09-07T20:18:12.549+0000] {taskinstance.py:731} INFO - ::endgroup::
[2024-09-07T20:18:12.552+0000] {logging_mixin.py:190} INFO - Iniciando a função process_bronze_to_silver
[2024-09-07T20:18:12.553+0000] {logging_mixin.py:190} INFO - Localização do arquivo de entrada (Bronze): layers/bronze/raw_data.parquet
[2024-09-07T20:18:12.554+0000] {logging_mixin.py:190} INFO - Localização do arquivo de saída (Silver): layers/silver/transformed_data.parquet
[2024-09-07T20:18:12.554+0000] {logging_mixin.py:190} INFO - Carregando dados da camada Bronze...
[2024-09-07T20:18:12.874+0000] {logging_mixin.py:190} INFO - Dados carregados com sucesso. Total de linhas: 99999
[2024-09-07T20:18:12.924+0000] {logging_mixin.py:190} INFO - Número de valores nulos antes da limpeza:
name             24886
email            25046
date_of_birth    25171
dtype: int64
[2024-09-07T20:18:12.925+0000] {logging_mixin.py:190} INFO - Removendo registros com campos nulos...
[2024-09-07T20:18:12.970+0000] {logging_mixin.py:190} INFO - Total de linhas após remoção de nulos: 42196
[2024-09-07T20:18:12.972+0000] {logging_mixin.py:190} INFO - Corrigindo formatos de email inválidos...
[2024-09-07T20:18:13.022+0000] {logging_mixin.py:190} INFO - Total de linhas após correção de emails inválidos: 20903
[2024-09-07T20:18:13.023+0000] {logging_mixin.py:190} INFO - Calculando a idade dos usuários...
[2024-09-07T20:18:13.079+0000] {logging_mixin.py:190} INFO - Número de valores nulos após a limpeza:
name             0
email            0
date_of_birth    0
dtype: int64
[2024-09-07T20:18:13.080+0000] {logging_mixin.py:190} INFO - Salvando dados limpos na camada Silver...
[2024-09-07T20:18:13.173+0000] {logging_mixin.py:190} INFO - Dados limpos salvos com sucesso em layers/silver/transformed_data.parquet
[2024-09-07T20:18:13.186+0000] {python.py:240} INFO - Done. Returned value was: None
[2024-09-07T20:18:13.204+0000] {taskinstance.py:340} INFO - ::group::Post task execution logs
[2024-09-07T20:18:13.206+0000] {taskinstance.py:352} INFO - Marking task as SUCCESS. dag_id=data_pipeline, task_id=process_bronze_to_silver_task, run_id=manual__2024-09-07T20:17:50.668630+00:00, execution_date=20240907T201750, start_date=20240907T201812, end_date=20240907T201813
[2024-09-07T20:18:13.240+0000] {logging_mixin.py:190} INFO - Task instance in success state
[2024-09-07T20:18:13.242+0000] {logging_mixin.py:190} INFO -  Previous state of the Task instance: running
[2024-09-07T20:18:13.243+0000] {logging_mixin.py:190} INFO - Dag name:data_pipeline queued_at:2024-09-07 20:17:50.893060+00:00
[2024-09-07T20:18:13.244+0000] {logging_mixin.py:190} INFO - Task hostname:0533851d136c operator:PythonOperator
[2024-09-07T20:18:13.281+0000] {local_task_job_runner.py:261} INFO - Task exited with return code 0
[2024-09-07T20:18:13.314+0000] {taskinstance.py:3891} INFO - 1 downstream tasks scheduled from follow-on schedule check
[2024-09-07T20:18:13.353+0000] {local_task_job_runner.py:240} INFO - ::endgroup::
