[2024-09-07T20:24:47.471+0000] {local_task_job_runner.py:123} INFO - ::group::Pre task execution logs
[2024-09-07T20:24:47.506+0000] {taskinstance.py:2603} INFO - Dependencies all met for dep_context=non-requeueable deps ti=<TaskInstance: data_pipeline.process_silver_to_gold_task manual__2024-09-07T20:24:20.621401+00:00 [queued]>
[2024-09-07T20:24:47.534+0000] {taskinstance.py:2603} INFO - Dependencies all met for dep_context=requeueable deps ti=<TaskInstance: data_pipeline.process_silver_to_gold_task manual__2024-09-07T20:24:20.621401+00:00 [queued]>
[2024-09-07T20:24:47.535+0000] {taskinstance.py:2856} INFO - Starting attempt 1 of 2
[2024-09-07T20:24:47.584+0000] {taskinstance.py:2879} INFO - Executing <Task(PythonOperator): process_silver_to_gold_task> on 2024-09-07 20:24:20.621401+00:00
[2024-09-07T20:24:47.607+0000] {warnings.py:112} WARNING - /home/***/.local/lib/python3.12/site-packages/***/task/task_runner/standard_task_runner.py:70: DeprecationWarning: This process (pid=1278) is multi-threaded, use of fork() may lead to deadlocks in the child.
  pid = os.fork()

[2024-09-07T20:24:47.610+0000] {standard_task_runner.py:72} INFO - Started process 1280 to run task
[2024-09-07T20:24:47.610+0000] {standard_task_runner.py:104} INFO - Running: ['***', 'tasks', 'run', 'data_pipeline', 'process_silver_to_gold_task', 'manual__2024-09-07T20:24:20.621401+00:00', '--job-id', '21', '--raw', '--subdir', 'DAGS_FOLDER/app/pipeline.py', '--cfg-path', '/tmp/tmpcsxkguku']
[2024-09-07T20:24:47.612+0000] {standard_task_runner.py:105} INFO - Job 21: Subtask process_silver_to_gold_task
[2024-09-07T20:24:47.702+0000] {task_command.py:467} INFO - Running <TaskInstance: data_pipeline.process_silver_to_gold_task manual__2024-09-07T20:24:20.621401+00:00 [running]> on host 0533851d136c
[2024-09-07T20:24:48.189+0000] {taskinstance.py:3122} INFO - Exporting env vars: AIRFLOW_CTX_DAG_OWNER='***' AIRFLOW_CTX_DAG_ID='data_pipeline' AIRFLOW_CTX_TASK_ID='process_silver_to_gold_task' AIRFLOW_CTX_EXECUTION_DATE='2024-09-07T20:24:20.621401+00:00' AIRFLOW_CTX_TRY_NUMBER='1' AIRFLOW_CTX_DAG_RUN_ID='manual__2024-09-07T20:24:20.621401+00:00'
[2024-09-07T20:24:48.198+0000] {logging_mixin.py:190} INFO - Task instance is in running state
[2024-09-07T20:24:48.200+0000] {logging_mixin.py:190} INFO -  Previous state of the Task instance: queued
[2024-09-07T20:24:48.202+0000] {logging_mixin.py:190} INFO - Current task name:process_silver_to_gold_task state:running start_date:2024-09-07 20:24:47.507301+00:00
[2024-09-07T20:24:48.208+0000] {logging_mixin.py:190} INFO - Dag name:data_pipeline and current dag run status:running
[2024-09-07T20:24:48.236+0000] {taskinstance.py:731} INFO - ::endgroup::
[2024-09-07T20:24:48.240+0000] {logging_mixin.py:190} INFO - Iniciando a função process_silver_to_gold
[2024-09-07T20:24:48.251+0000] {logging_mixin.py:190} INFO - Localização do arquivo de entrada (Silver): layers/silver/transformed_data.parquet
[2024-09-07T20:24:48.263+0000] {logging_mixin.py:190} INFO - Localização do arquivo de saída (Gold): layers/gold/aggregated_data.parquet
[2024-09-07T20:24:48.264+0000] {logging_mixin.py:190} INFO - Carregando dados da camada Silver...
[2024-09-07T20:24:49.472+0000] {logging_mixin.py:190} INFO - Dados carregados com sucesso. Total de linhas: 20903
[2024-09-07T20:24:49.474+0000] {logging_mixin.py:190} INFO - Criando faixa etária...
[2024-09-07T20:24:49.492+0000] {logging_mixin.py:190} INFO - Agregando dados por faixa etária e status...
[2024-09-07T20:24:49.530+0000] {warnings.py:112} WARNING - /opt/***/dags/app/pipeline.py:110: FutureWarning: The default of observed=False is deprecated and will be changed to True in a future version of pandas. Pass observed=False to retain current behavior or observed=True to adopt the future default and silence this warning.
  aggregated_data = df.groupby(['age_group', 'subscription_status']).size().reset_index(name='user_count')

[2024-09-07T20:24:49.566+0000] {logging_mixin.py:190} INFO - Verificando df final...
[2024-09-07T20:24:49.599+0000] {logging_mixin.py:190} INFO -    age_group subscription_status  user_count
0      0-10              active           0
1      0-10            inactive           0
2     11-20              active         220
3     11-20            inactive         207
4     21-30              active        1436
[2024-09-07T20:24:49.601+0000] {logging_mixin.py:190} INFO - Salvando dados agregados na camada Ouro...
[2024-09-07T20:24:49.685+0000] {logging_mixin.py:190} INFO - Dados agregados salvos com sucesso em layers/gold/aggregated_data.parquet
[2024-09-07T20:24:49.689+0000] {python.py:240} INFO - Done. Returned value was: None
[2024-09-07T20:24:49.735+0000] {taskinstance.py:340} INFO - ::group::Post task execution logs
[2024-09-07T20:24:49.743+0000] {taskinstance.py:352} INFO - Marking task as SUCCESS. dag_id=data_pipeline, task_id=process_silver_to_gold_task, run_id=manual__2024-09-07T20:24:20.621401+00:00, execution_date=20240907T202420, start_date=20240907T202447, end_date=20240907T202449
[2024-09-07T20:24:49.802+0000] {logging_mixin.py:190} INFO - Task instance in success state
[2024-09-07T20:24:49.808+0000] {logging_mixin.py:190} INFO -  Previous state of the Task instance: running
[2024-09-07T20:24:49.810+0000] {logging_mixin.py:190} INFO - Dag name:data_pipeline queued_at:2024-09-07 20:24:20.872798+00:00
[2024-09-07T20:24:49.812+0000] {logging_mixin.py:190} INFO - Task hostname:0533851d136c operator:PythonOperator
[2024-09-07T20:24:49.879+0000] {local_task_job_runner.py:261} INFO - Task exited with return code 0
[2024-09-07T20:24:49.927+0000] {taskinstance.py:3891} INFO - 0 downstream tasks scheduled from follow-on schedule check
[2024-09-07T20:24:49.932+0000] {local_task_job_runner.py:240} INFO - ::endgroup::
