[2024-09-07T20:24:27.144+0000] {local_task_job_runner.py:123} INFO - ::group::Pre task execution logs
[2024-09-07T20:24:27.170+0000] {taskinstance.py:2603} INFO - Dependencies all met for dep_context=non-requeueable deps ti=<TaskInstance: data_pipeline.upload_raw_data_to_bronze_task manual__2024-09-07T20:24:20.621401+00:00 [queued]>
[2024-09-07T20:24:27.182+0000] {taskinstance.py:2603} INFO - Dependencies all met for dep_context=requeueable deps ti=<TaskInstance: data_pipeline.upload_raw_data_to_bronze_task manual__2024-09-07T20:24:20.621401+00:00 [queued]>
[2024-09-07T20:24:27.183+0000] {taskinstance.py:2856} INFO - Starting attempt 1 of 2
[2024-09-07T20:24:27.211+0000] {taskinstance.py:2879} INFO - Executing <Task(PythonOperator): upload_raw_data_to_bronze_task> on 2024-09-07 20:24:20.621401+00:00
[2024-09-07T20:24:27.224+0000] {warnings.py:112} WARNING - /home/***/.local/lib/python3.12/site-packages/***/task/task_runner/standard_task_runner.py:70: DeprecationWarning: This process (pid=1252) is multi-threaded, use of fork() may lead to deadlocks in the child.
  pid = os.fork()

[2024-09-07T20:24:27.227+0000] {standard_task_runner.py:72} INFO - Started process 1254 to run task
[2024-09-07T20:24:27.228+0000] {standard_task_runner.py:104} INFO - Running: ['***', 'tasks', 'run', 'data_pipeline', 'upload_raw_data_to_bronze_task', 'manual__2024-09-07T20:24:20.621401+00:00', '--job-id', '19', '--raw', '--subdir', 'DAGS_FOLDER/app/pipeline.py', '--cfg-path', '/tmp/tmp7x5pibgy']
[2024-09-07T20:24:27.231+0000] {standard_task_runner.py:105} INFO - Job 19: Subtask upload_raw_data_to_bronze_task
[2024-09-07T20:24:27.308+0000] {task_command.py:467} INFO - Running <TaskInstance: data_pipeline.upload_raw_data_to_bronze_task manual__2024-09-07T20:24:20.621401+00:00 [running]> on host 0533851d136c
[2024-09-07T20:24:27.486+0000] {taskinstance.py:3122} INFO - Exporting env vars: AIRFLOW_CTX_DAG_OWNER='***' AIRFLOW_CTX_DAG_ID='data_pipeline' AIRFLOW_CTX_TASK_ID='upload_raw_data_to_bronze_task' AIRFLOW_CTX_EXECUTION_DATE='2024-09-07T20:24:20.621401+00:00' AIRFLOW_CTX_TRY_NUMBER='1' AIRFLOW_CTX_DAG_RUN_ID='manual__2024-09-07T20:24:20.621401+00:00'
[2024-09-07T20:24:27.493+0000] {logging_mixin.py:190} INFO - Task instance is in running state
[2024-09-07T20:24:27.494+0000] {logging_mixin.py:190} INFO -  Previous state of the Task instance: queued
[2024-09-07T20:24:27.495+0000] {logging_mixin.py:190} INFO - Current task name:upload_raw_data_to_bronze_task state:running start_date:2024-09-07 20:24:27.171678+00:00
[2024-09-07T20:24:27.496+0000] {logging_mixin.py:190} INFO - Dag name:data_pipeline and current dag run status:running
[2024-09-07T20:24:27.497+0000] {taskinstance.py:731} INFO - ::endgroup::
[2024-09-07T20:24:27.498+0000] {logging_mixin.py:190} INFO - Iniciando a função upload_raw_data_to_bronze
[2024-09-07T20:24:27.499+0000] {logging_mixin.py:190} INFO - Localização do arquivo de entrada: input-data/raw_data.csv
[2024-09-07T20:24:27.501+0000] {logging_mixin.py:190} INFO - Localização do arquivo de saída (Parquet): layers/bronze/raw_data.parquet
[2024-09-07T20:24:27.504+0000] {logging_mixin.py:190} INFO - Carregando dados do CSV...
[2024-09-07T20:24:28.151+0000] {logging_mixin.py:190} INFO - Dados carregados com sucesso. Total de linhas: 99999
[2024-09-07T20:24:28.153+0000] {logging_mixin.py:190} INFO - Salvando dados no formato Parquet...
[2024-09-07T20:24:28.523+0000] {logging_mixin.py:190} INFO - Dados salvos com sucesso em layers/bronze/raw_data.parquet
[2024-09-07T20:24:28.540+0000] {python.py:240} INFO - Done. Returned value was: None
[2024-09-07T20:24:28.560+0000] {taskinstance.py:340} INFO - ::group::Post task execution logs
[2024-09-07T20:24:28.561+0000] {taskinstance.py:352} INFO - Marking task as SUCCESS. dag_id=data_pipeline, task_id=upload_raw_data_to_bronze_task, run_id=manual__2024-09-07T20:24:20.621401+00:00, execution_date=20240907T202420, start_date=20240907T202427, end_date=20240907T202428
[2024-09-07T20:24:28.609+0000] {logging_mixin.py:190} INFO - Task instance in success state
[2024-09-07T20:24:28.610+0000] {logging_mixin.py:190} INFO -  Previous state of the Task instance: running
[2024-09-07T20:24:28.611+0000] {logging_mixin.py:190} INFO - Dag name:data_pipeline queued_at:2024-09-07 20:24:20.872798+00:00
[2024-09-07T20:24:28.611+0000] {logging_mixin.py:190} INFO - Task hostname:0533851d136c operator:PythonOperator
[2024-09-07T20:24:28.752+0000] {local_task_job_runner.py:261} INFO - Task exited with return code 0
[2024-09-07T20:24:28.834+0000] {taskinstance.py:3891} INFO - 1 downstream tasks scheduled from follow-on schedule check
[2024-09-07T20:24:28.840+0000] {local_task_job_runner.py:240} INFO - ::endgroup::
